<?xml version="1.0" encoding="UTF-8"?>
<!-- Generated by org.testng.reporters.JUnitXMLReporter -->
<testsuite hostname="ceshi-PC" name="test1(failed)" tests="3" failures="3" timestamp="15 Apr 2016 06:07:38 GMT" time="3.826" errors="0">
  <testcase name="testLogin" time="1.1" classname="testObjects.TestLoginPage">
    <failure type="java.lang.AssertionError" message="进行截图">
      <![CDATA[java.lang.AssertionError: 进行截图
	at testObjects.TestLoginPage.testLogin(TestLoginPage.java:41)
... Removed 25 stack frames]]>
    </failure>
  </testcase> <!-- testLogin -->
  <testcase name="testLogin" time="1.082" classname="testObjects.TestLoginPage">
    <failure type="java.lang.AssertionError" message="进行截图">
      <![CDATA[java.lang.AssertionError: 进行截图
	at testObjects.TestLoginPage.testLogin(TestLoginPage.java:41)
... Removed 25 stack frames]]>
    </failure>
  </testcase> <!-- testLogin -->
  <testcase name="testLogin" time="0.623" classname="testObjects.TestLoginPage">
    <failure type="java.lang.AssertionError" message="进行截图">
      <![CDATA[java.lang.AssertionError: 进行截图
	at testObjects.TestLoginPage.testLogin(TestLoginPage.java:41)
... Removed 25 stack frames]]>
    </failure>
  </testcase> <!-- testLogin -->
</testsuite> <!-- test1(failed) -->
