<?xml version="1.0" encoding="UTF-8"?>
<!-- Generated by org.testng.reporters.JUnitXMLReporter -->
<testsuite hostname="ceshi-PC" name="test1" tests="5" failures="3" timestamp="15 Apr 2016 08:57:59 GMT" time="4.828" errors="0">
  <testcase name="testEnroll" time="0.448" classname="testObjects.TestLoginPage"/>
  <testcase name="testForgetPasswd" time="0.734" classname="testObjects.TestLoginPage"/>
  <testcase name="testLogin" time="1.426" classname="testObjects.TestLoginPage">
    <failure type="java.lang.AssertionError" message="进行截图">
      <![CDATA[java.lang.AssertionError: 进行截图
	at testObjects.TestLoginPage.testLogin(TestLoginPage.java:41)
... Removed 24 stack frames]]>
    </failure>
  </testcase> <!-- testLogin -->
  <testcase name="testLogin" time="0.569" classname="testObjects.TestLoginPage">
    <failure type="java.lang.AssertionError" message="进行截图">
      <![CDATA[java.lang.AssertionError: 进行截图
	at testObjects.TestLoginPage.testLogin(TestLoginPage.java:41)
... Removed 24 stack frames]]>
    </failure>
  </testcase> <!-- testLogin -->
  <testcase name="testLogin" time="0.593" classname="testObjects.TestLoginPage">
    <failure type="java.lang.AssertionError" message="进行截图">
      <![CDATA[java.lang.AssertionError: 进行截图
	at testObjects.TestLoginPage.testLogin(TestLoginPage.java:41)
... Removed 24 stack frames]]>
    </failure>
  </testcase> <!-- testLogin -->
</testsuite> <!-- test1 -->
