<?xml version="1.0" encoding="UTF-8"?>
<!-- Generated by org.testng.reporters.JUnitXMLReporter -->
<testsuite hostname="ceshi-PC" name="Test" tests="7" failures="1" timestamp="31 Mar 2016 05:41:35 GMT" time="16.703" errors="0">
  <testcase name="testCompanyLink" time="0.759" classname="testObjects.testLink"/>
  <testcase name="testSecurityLink" time="3.794" classname="testObjects.testLink"/>
  <testcase name="testguideLinesLink" time="0.344" classname="testObjects.testLink">
    <failure type="java.util.NoSuchElementException">
      <![CDATA[java.util.NoSuchElementException
	at java.util.LinkedHashMap$LinkedHashIterator.nextEntry(Unknown Source)
	at java.util.LinkedHashMap$KeyIterator.next(Unknown Source)
	at publicCall.WindowHandle.windowHandleguideLines(WindowHandle.java:60)
	at testObjects.testLink.testguideLinesLink(testLink.java:87)
... Removed 24 stack frames]]>
    </failure>
  </testcase> <!-- testguideLinesLink -->
  <testcase name="testCustomerServicePhone" time="0.023" classname="testObjects.testLink"/>
  <testcase name="testHelpLink" time="0.367" classname="testObjects.testLink"/>
  <testcase name="testEnrollLink" time="0.356" classname="testObjects.testLink"/>
  <testcase name="testLoginLink" time="0.374" classname="testObjects.testLink"/>
</testsuite> <!-- Test -->
